[debug] [2020-09-13T10:42:22.519Z] ----------------------------------------------------------------------
[debug] [2020-09-13T10:42:22.520Z] Command:       C:\Program Files\nodejs\node.exe C:\Users\nikki\AppData\Roaming\npm\node_modules\firebase-tools\lib\bin\firebase.js emulators:start
[debug] [2020-09-13T10:42:22.521Z] CLI Version:   8.10.0
[debug] [2020-09-13T10:42:22.521Z] Platform:      win32
[debug] [2020-09-13T10:42:22.521Z] Node Version:  v12.18.3
[debug] [2020-09-13T10:42:22.522Z] Time:          Sun Sep 13 2020 14:42:22 GMT+0400 (Gulf Standard Time)
[debug] [2020-09-13T10:42:22.522Z] ----------------------------------------------------------------------
[debug] [2020-09-13T10:42:22.522Z] 
[debug] [2020-09-13T10:42:22.529Z] > command requires scopes: ["email","openid","https://www.googleapis.com/auth/cloudplatformprojects.readonly","https://www.googleapis.com/auth/firebase","https://www.googleapis.com/auth/cloud-platform"]
[debug] [2020-09-13T10:42:22.529Z] > authorizing via signed-in user
[info] i  emulators: Starting emulators: functions, firestore, hosting {"metadata":{"emulator":{"name":"hub"},"message":"Starting emulators: functions, firestore, hosting"}}
[debug] [2020-09-13T10:42:24.564Z] [hub] writing locator at C:\Users\nikki\AppData\Local\Temp\hub-c-fb934.json
[warn] !  functions: The following emulators are not running, calls to these services from the Functions emulator will affect production: database, pubsub {"metadata":{"emulator":{"name":"functions"},"message":"The following emulators are not running, calls to these services from the Functions emulator will affect production: \u001b[1mdatabase, pubsub\u001b[22m"}}
[warn] !  Your requested "node" version "10" doesn't match your global version "12" {"metadata":{"emulator":{"name":"functions"},"message":"Your requested \"node\" version \"10\" doesn't match your global version \"12\""}}
[debug] [2020-09-13T10:42:26.608Z] defaultcredentials: writing to file C:\Users\nikki\AppData\Roaming\firebase\nikki_sathish_gmail.com_application_default_credentials.json
[debug] [2020-09-13T10:42:26.612Z] Setting GAC to C:\Users\nikki\AppData\Roaming\firebase\nikki_sathish_gmail.com_application_default_credentials.json {"metadata":{"emulator":{"name":"functions"},"message":"Setting GAC to C:\\Users\\nikki\\AppData\\Roaming\\firebase\\nikki_sathish_gmail.com_application_default_credentials.json"}}
[debug] [2020-09-13T10:42:29.135Z] Ignoring unsupported arg: projectId {"metadata":{"emulator":{"name":"firestore"},"message":"Ignoring unsupported arg: projectId"}}
[debug] [2020-09-13T10:42:29.135Z] Ignoring unsupported arg: auto_download {"metadata":{"emulator":{"name":"firestore"},"message":"Ignoring unsupported arg: auto_download"}}
[debug] [2020-09-13T10:42:29.135Z] Starting Firestore Emulator with command {"binary":"java","args":["-Duser.language=en","-jar","C:\\Users\\nikki\\.cache\\firebase\\emulators\\cloud-firestore-emulator-v1.11.7.jar","--host","localhost","--port",8001,"--rules","C:\\Users\\nikki\\Dropbox\\My PC (LAPTOP-ERGDEDV7)\\Documents\\amazon-clone\\amazon-clone\\firestore.rules","--functions_emulator","localhost:5001"],"optionalArgs":["port","webchannel_port","host","rules","functions_emulator","seed_from_export"],"joinArgs":false} {"metadata":{"emulator":{"name":"firestore"},"message":"Starting Firestore Emulator with command {\"binary\":\"java\",\"args\":[\"-Duser.language=en\",\"-jar\",\"C:\\\\Users\\\\nikki\\\\.cache\\\\firebase\\\\emulators\\\\cloud-firestore-emulator-v1.11.7.jar\",\"--host\",\"localhost\",\"--port\",8001,\"--rules\",\"C:\\\\Users\\\\nikki\\\\Dropbox\\\\My PC (LAPTOP-ERGDEDV7)\\\\Documents\\\\amazon-clone\\\\amazon-clone\\\\firestore.rules\",\"--functions_emulator\",\"localhost:5001\"],\"optionalArgs\":[\"port\",\"webchannel_port\",\"host\",\"rules\",\"functions_emulator\",\"seed_from_export\"],\"joinArgs\":false}"}}
[info] i  firestore: Firestore Emulator logging to firestore-debug.log {"metadata":{"emulator":{"name":"firestore"},"message":"Firestore Emulator logging to \u001b[1mfirestore-debug.log\u001b[22m"}}
[debug] [2020-09-13T10:42:30.231Z] API endpoint: http://localhost {"metadata":{"emulator":{"name":"firestore"},"message":"API endpoint: http://localhost"}}
[debug] [2020-09-13T10:42:30.231Z] :8001
If you are using a library that supports the FIRESTORE_EMULATOR_HOST environment variable, run:

   export FIRESTORE_EMULATOR_HOST=localhost:8001

Dev App Server is now running.

 {"metadata":{"emulator":{"name":"firestore"},"message":":8001\nIf you are using a library that supports the FIRESTORE_EMULATOR_HOST environment variable, run:\r\n\n   export FIRESTORE_EMULATOR_HOST=localhost:8001\n\nDev App Server is now running.\n\r\n"}}
[debug] [2020-09-13T10:42:32.667Z] > refreshing access token with scopes: ["email","https://www.googleapis.com/auth/cloud-platform","https://www.googleapis.com/auth/cloudplatformprojects.readonly","https://www.googleapis.com/auth/firebase","openid"]
[debug] [2020-09-13T10:42:32.667Z] >>> HTTP REQUEST POST https://www.googleapis.com/oauth2/v3/token  
 <request body omitted>
[debug] [2020-09-13T10:42:33.507Z] <<< HTTP RESPONSE 200 {"content-type":"application/json; charset=utf-8","vary":"X-Origin, Referer, Origin,Accept-Encoding","date":"Sun, 13 Sep 2020 10:42:31 GMT","server":"scaffolding on HTTPServer2","cache-control":"private","x-xss-protection":"0","x-frame-options":"SAMEORIGIN","x-content-type-options":"nosniff","alt-svc":"h3-29=\":443\"; ma=2592000,h3-27=\":443\"; ma=2592000,h3-T051=\":443\"; ma=2592000,h3-T050=\":443\"; ma=2592000,h3-Q050=\":443\"; ma=2592000,h3-Q046=\":443\"; ma=2592000,h3-Q043=\":443\"; ma=2592000,quic=\":443\"; ma=2592000; v=\"46,43\"","accept-ranges":"none","transfer-encoding":"chunked"}
[debug] [2020-09-13T10:42:33.524Z] >>> HTTP REQUEST GET https://firebase.googleapis.com/v1beta1/projects/c-fb934/webApps/-/config  
 
[debug] [2020-09-13T10:42:34.483Z] <<< HTTP RESPONSE 403 {"vary":"X-Origin, Referer, Origin,Accept-Encoding","content-type":"application/json; charset=UTF-8","date":"Sun, 13 Sep 2020 10:42:32 GMT","server":"ESF","cache-control":"private","x-xss-protection":"0","x-frame-options":"SAMEORIGIN","x-content-type-options":"nosniff","alt-svc":"h3-29=\":443\"; ma=2592000,h3-27=\":443\"; ma=2592000,h3-T051=\":443\"; ma=2592000,h3-T050=\":443\"; ma=2592000,h3-Q050=\":443\"; ma=2592000,h3-Q046=\":443\"; ma=2592000,h3-Q043=\":443\"; ma=2592000,quic=\":443\"; ma=2592000; v=\"46,43\"","accept-ranges":"none","transfer-encoding":"chunked"}
[debug] [2020-09-13T10:42:34.484Z] <<< HTTP RESPONSE BODY {"error":{"code":403,"message":"Project '{resource_id}' not found or permission denied.","status":"PERMISSION_DENIED"}}
[debug] [2020-09-13T10:42:34.486Z] fetchWebSetup error: FirebaseError: HTTP Error: 403, Project '{resource_id}' not found or permission denied.
[warn] !  hosting: Authentication error when trying to fetch your current web app configuration, have you run firebase login? 
[warn] !  hosting: Using web app configuration from cache. 
[info] i  hosting: Serving hosting files from: build {"metadata":{"emulator":{"name":"hosting"},"message":"Serving hosting files from: \u001b[1mbuild\u001b[22m"}}
[info] +  hosting: Local server: http://localhost:5000 {"metadata":{"emulator":{"name":"hosting"},"message":"Local server: \u001b[4m\u001b[1mhttp://localhost:5000\u001b[22m\u001b[24m"}}
[debug] [2020-09-13T10:42:38.529Z] Ignoring unsupported arg: auto_download {"metadata":{"emulator":{"name":"ui"},"message":"Ignoring unsupported arg: auto_download"}}
[debug] [2020-09-13T10:42:38.530Z] Ignoring unsupported arg: port {"metadata":{"emulator":{"name":"ui"},"message":"Ignoring unsupported arg: port"}}
[debug] [2020-09-13T10:42:38.530Z] Starting Emulator UI with command {"binary":"node","args":["C:\\Users\\nikki\\.cache\\firebase\\emulators\\ui-v1.1.1\\server.bundle.js"],"optionalArgs":[],"joinArgs":false} {"metadata":{"emulator":{"name":"ui"},"message":"Starting Emulator UI with command {\"binary\":\"node\",\"args\":[\"C:\\\\Users\\\\nikki\\\\.cache\\\\firebase\\\\emulators\\\\ui-v1.1.1\\\\server.bundle.js\"],\"optionalArgs\":[],\"joinArgs\":false}"}}
[info] i  ui: Emulator UI logging to ui-debug.log {"metadata":{"emulator":{"name":"ui"},"message":"Emulator UI logging to \u001b[1mui-debug.log\u001b[22m"}}
[debug] [2020-09-13T10:42:38.637Z] Web / API server started at http://localhost:4000
 {"metadata":{"emulator":{"name":"ui"},"message":"Web / API server started at http://localhost:4000\n"}}
[info] i  functions: Watching "C:\Users\nikki\Dropbox\My PC (LAPTOP-ERGDEDV7)\Documents\amazon-clone\amazon-clone\functions" for Cloud Functions... {"metadata":{"emulator":{"name":"functions"},"message":"Watching \"C:\\Users\\nikki\\Dropbox\\My PC (LAPTOP-ERGDEDV7)\\Documents\\amazon-clone\\amazon-clone\\functions\" for Cloud Functions..."}}
[debug] [2020-09-13T10:42:39.051Z] [worker-pool] addWorker(~diagnostic~) {"metadata":{"emulator":{"name":"functions"},"message":"[worker-pool] addWorker(~diagnostic~)"}}
[debug] [2020-09-13T10:42:39.052Z] [worker-pool] Adding worker with key ~diagnostic~, total=1 {"metadata":{"emulator":{"name":"functions"},"message":"[worker-pool] Adding worker with key ~diagnostic~, total=1"}}
[debug] [2020-09-13T10:42:39.052Z] [worker-pool] submitWork(triggerId=) {"metadata":{"emulator":{"name":"functions"},"message":"[worker-pool] submitWork(triggerId=)"}}
[debug] [2020-09-13T10:42:39.054Z] [worker-~diagnostic~-641af6bb-a503-4945-a038-e43914525bc9]: Assigning socketPath: \\?\pipe\C:\Users\nikki\Dropbox\My PC (LAPTOP-ERGDEDV7)\Documents\amazon-clone\amazon-clone\functions\11448 {"metadata":{"emulator":{"name":"functions"},"message":"[worker-~diagnostic~-641af6bb-a503-4945-a038-e43914525bc9]: Assigning socketPath: \\\\?\\pipe\\C:\\Users\\nikki\\Dropbox\\My PC (LAPTOP-ERGDEDV7)\\Documents\\amazon-clone\\amazon-clone\\functions\\11448"}}
[debug] [2020-09-13T10:42:39.054Z] [worker-~diagnostic~-641af6bb-a503-4945-a038-e43914525bc9]: BUSY {"metadata":{"emulator":{"name":"functions"},"message":"[worker-~diagnostic~-641af6bb-a503-4945-a038-e43914525bc9]: BUSY"}}
[debug] [2020-09-13T10:42:39.445Z] [runtime-status] [11448] Functions runtime initialized. {"cwd":"C:\\Users\\nikki\\Dropbox\\My PC (LAPTOP-ERGDEDV7)\\Documents\\amazon-clone\\amazon-clone\\functions","node_version":"12.18.3"} {"metadata":{"emulator":{"name":"functions"},"message":"[runtime-status] [11448] Functions runtime initialized. {\"cwd\":\"C:\\\\Users\\\\nikki\\\\Dropbox\\\\My PC (LAPTOP-ERGDEDV7)\\\\Documents\\\\amazon-clone\\\\amazon-clone\\\\functions\",\"node_version\":\"12.18.3\"}"}}
[debug] [2020-09-13T10:42:39.446Z] [runtime-status] [11448] Disabled runtime features: undefined {"metadata":{"emulator":{"name":"functions"},"message":"[runtime-status] [11448] Disabled runtime features: undefined"}}
[debug] [2020-09-13T10:42:39.449Z] [runtime-status] [11448] Resolved module firebase-admin {"declared":true,"installed":true,"version":"8.13.0","resolution":"C:\\Users\\nikki\\Dropbox\\My PC (LAPTOP-ERGDEDV7)\\Documents\\amazon-clone\\amazon-clone\\functions\\node_modules\\firebase-admin\\lib\\index.js"} {"metadata":{"emulator":{"name":"functions"},"message":"[runtime-status] [11448] Resolved module firebase-admin {\"declared\":true,\"installed\":true,\"version\":\"8.13.0\",\"resolution\":\"C:\\\\Users\\\\nikki\\\\Dropbox\\\\My PC (LAPTOP-ERGDEDV7)\\\\Documents\\\\amazon-clone\\\\amazon-clone\\\\functions\\\\node_modules\\\\firebase-admin\\\\lib\\\\index.js\"}"}}
[debug] [2020-09-13T10:42:39.454Z] [runtime-status] [11448] Resolved module firebase-functions {"declared":true,"installed":true,"version":"3.11.0","resolution":"C:\\Users\\nikki\\Dropbox\\My PC (LAPTOP-ERGDEDV7)\\Documents\\amazon-clone\\amazon-clone\\functions\\node_modules\\firebase-functions\\lib\\index.js"} {"metadata":{"emulator":{"name":"functions"},"message":"[runtime-status] [11448] Resolved module firebase-functions {\"declared\":true,\"installed\":true,\"version\":\"3.11.0\",\"resolution\":\"C:\\\\Users\\\\nikki\\\\Dropbox\\\\My PC (LAPTOP-ERGDEDV7)\\\\Documents\\\\amazon-clone\\\\amazon-clone\\\\functions\\\\node_modules\\\\firebase-functions\\\\lib\\\\index.js\"}"}}
[debug] [2020-09-13T10:42:39.454Z] [runtime-status] [11448] Resolved module firebase-functions {"declared":true,"installed":true,"version":"3.11.0","resolution":"C:\\Users\\nikki\\Dropbox\\My PC (LAPTOP-ERGDEDV7)\\Documents\\amazon-clone\\amazon-clone\\functions\\node_modules\\firebase-functions\\lib\\index.js"} {"metadata":{"emulator":{"name":"functions"},"message":"[runtime-status] [11448] Resolved module firebase-functions {\"declared\":true,\"installed\":true,\"version\":\"3.11.0\",\"resolution\":\"C:\\\\Users\\\\nikki\\\\Dropbox\\\\My PC (LAPTOP-ERGDEDV7)\\\\Documents\\\\amazon-clone\\\\amazon-clone\\\\functions\\\\node_modules\\\\firebase-functions\\\\lib\\\\index.js\"}"}}
[debug] [2020-09-13T10:42:39.456Z] [runtime-status] [11448] Outgoing network have been stubbed. [{"name":"http","status":"mocked"},{"name":"http","status":"mocked"},{"name":"https","status":"mocked"},{"name":"https","status":"mocked"},{"name":"net","status":"mocked"}] {"metadata":{"emulator":{"name":"functions"},"message":"[runtime-status] [11448] Outgoing network have been stubbed. [{\"name\":\"http\",\"status\":\"mocked\"},{\"name\":\"http\",\"status\":\"mocked\"},{\"name\":\"https\",\"status\":\"mocked\"},{\"name\":\"https\",\"status\":\"mocked\"},{\"name\":\"net\",\"status\":\"mocked\"}]"}}
[debug] [2020-09-13T10:42:39.456Z] [runtime-status] [11448] Resolved module firebase-functions {"declared":true,"installed":true,"version":"3.11.0","resolution":"C:\\Users\\nikki\\Dropbox\\My PC (LAPTOP-ERGDEDV7)\\Documents\\amazon-clone\\amazon-clone\\functions\\node_modules\\firebase-functions\\lib\\index.js"} {"metadata":{"emulator":{"name":"functions"},"message":"[runtime-status] [11448] Resolved module firebase-functions {\"declared\":true,\"installed\":true,\"version\":\"3.11.0\",\"resolution\":\"C:\\\\Users\\\\nikki\\\\Dropbox\\\\My PC (LAPTOP-ERGDEDV7)\\\\Documents\\\\amazon-clone\\\\amazon-clone\\\\functions\\\\node_modules\\\\firebase-functions\\\\lib\\\\index.js\"}"}}
[debug] [2020-09-13T10:42:39.526Z] [runtime-status] [11448] Checked functions.config() {"config":{}} {"metadata":{"emulator":{"name":"functions"},"message":"[runtime-status] [11448] Checked functions.config() {\"config\":{}}"}}
[debug] [2020-09-13T10:42:39.527Z] [runtime-status] [11448] firebase-functions has been stubbed. {"functionsResolution":{"declared":true,"installed":true,"version":"3.11.0","resolution":"C:\\Users\\nikki\\Dropbox\\My PC (LAPTOP-ERGDEDV7)\\Documents\\amazon-clone\\amazon-clone\\functions\\node_modules\\firebase-functions\\lib\\index.js"}} {"metadata":{"emulator":{"name":"functions"},"message":"[runtime-status] [11448] firebase-functions has been stubbed. {\"functionsResolution\":{\"declared\":true,\"installed\":true,\"version\":\"3.11.0\",\"resolution\":\"C:\\\\Users\\\\nikki\\\\Dropbox\\\\My PC (LAPTOP-ERGDEDV7)\\\\Documents\\\\amazon-clone\\\\amazon-clone\\\\functions\\\\node_modules\\\\firebase-functions\\\\lib\\\\index.js\"}}"}}
[debug] [2020-09-13T10:42:39.527Z] [runtime-status] [11448] Resolved module firebase-functions {"declared":true,"installed":true,"version":"3.11.0","resolution":"C:\\Users\\nikki\\Dropbox\\My PC (LAPTOP-ERGDEDV7)\\Documents\\amazon-clone\\amazon-clone\\functions\\node_modules\\firebase-functions\\lib\\index.js"} {"metadata":{"emulator":{"name":"functions"},"message":"[runtime-status] [11448] Resolved module firebase-functions {\"declared\":true,\"installed\":true,\"version\":\"3.11.0\",\"resolution\":\"C:\\\\Users\\\\nikki\\\\Dropbox\\\\My PC (LAPTOP-ERGDEDV7)\\\\Documents\\\\amazon-clone\\\\amazon-clone\\\\functions\\\\node_modules\\\\firebase-functions\\\\lib\\\\index.js\"}"}}
[debug] [2020-09-13T10:42:39.528Z] [runtime-status] [11448] Resolved module firebase-admin {"declared":true,"installed":true,"version":"8.13.0","resolution":"C:\\Users\\nikki\\Dropbox\\My PC (LAPTOP-ERGDEDV7)\\Documents\\amazon-clone\\amazon-clone\\functions\\node_modules\\firebase-admin\\lib\\index.js"} {"metadata":{"emulator":{"name":"functions"},"message":"[runtime-status] [11448] Resolved module firebase-admin {\"declared\":true,\"installed\":true,\"version\":\"8.13.0\",\"resolution\":\"C:\\\\Users\\\\nikki\\\\Dropbox\\\\My PC (LAPTOP-ERGDEDV7)\\\\Documents\\\\amazon-clone\\\\amazon-clone\\\\functions\\\\node_modules\\\\firebase-admin\\\\lib\\\\index.js\"}"}}
[debug] [2020-09-13T10:42:39.529Z] [runtime-status] [11448] Resolved module firebase-functions {"declared":true,"installed":true,"version":"3.11.0","resolution":"C:\\Users\\nikki\\Dropbox\\My PC (LAPTOP-ERGDEDV7)\\Documents\\amazon-clone\\amazon-clone\\functions\\node_modules\\firebase-functions\\lib\\index.js"} {"metadata":{"emulator":{"name":"functions"},"message":"[runtime-status] [11448] Resolved module firebase-functions {\"declared\":true,\"installed\":true,\"version\":\"3.11.0\",\"resolution\":\"C:\\\\Users\\\\nikki\\\\Dropbox\\\\My PC (LAPTOP-ERGDEDV7)\\\\Documents\\\\amazon-clone\\\\amazon-clone\\\\functions\\\\node_modules\\\\firebase-functions\\\\lib\\\\index.js\"}"}}
[debug] [2020-09-13T10:42:39.529Z] [runtime-status] [11448] firebase-admin has been stubbed. {"adminResolution":{"declared":true,"installed":true,"version":"8.13.0","resolution":"C:\\Users\\nikki\\Dropbox\\My PC (LAPTOP-ERGDEDV7)\\Documents\\amazon-clone\\amazon-clone\\functions\\node_modules\\firebase-admin\\lib\\index.js"}} {"metadata":{"emulator":{"name":"functions"},"message":"[runtime-status] [11448] firebase-admin has been stubbed. {\"adminResolution\":{\"declared\":true,\"installed\":true,\"version\":\"8.13.0\",\"resolution\":\"C:\\\\Users\\\\nikki\\\\Dropbox\\\\My PC (LAPTOP-ERGDEDV7)\\\\Documents\\\\amazon-clone\\\\amazon-clone\\\\functions\\\\node_modules\\\\firebase-admin\\\\lib\\\\index.js\"}}"}}
[info] +  functions[api]: http function initialized (http://localhost:5001/c-fb934/us-central1/api). {"metadata":{"emulator":{"name":"functions"},"message":"\u001b[1mhttp\u001b[22m function initialized (http://localhost:5001/c-fb934/us-central1/api)."}}
[info] 
┌───────────────────────────────────────────────────────────────────────┐
│ ✔  All emulators ready! View status and logs at http://localhost:4000 │
└───────────────────────────────────────────────────────────────────────┘

┌───────────┬────────────────┬─────────────────────────────────┐
│ Emulator  │ Host:Port      │ View in Emulator UI             │
├───────────┼────────────────┼─────────────────────────────────┤
│ Functions │ localhost:5001 │ http://localhost:4000/functions │
├───────────┼────────────────┼─────────────────────────────────┤
│ Firestore │ localhost:8001 │ http://localhost:4000/firestore │
├───────────┼────────────────┼─────────────────────────────────┤
│ Hosting   │ localhost:5000 │ n/a                             │
└───────────┴────────────────┴─────────────────────────────────┘
  Other reserved ports: 4400, 4500

Issues? Report them at https://github.com/firebase/firebase-tools/issues and attach the *-debug.log files.
 
[debug] [2020-09-13T10:42:39.748Z] [worker-~diagnostic~-641af6bb-a503-4945-a038-e43914525bc9]: IDLE {"metadata":{"emulator":{"name":"functions"},"message":"[worker-~diagnostic~-641af6bb-a503-4945-a038-e43914525bc9]: IDLE"}}
[debug] [2020-09-13T10:43:57.849Z] [work-queue] {"queueLength":1,"workRunningCount":0}
[debug] [2020-09-13T10:43:57.849Z] [work-queue] {"queueLength":0,"workRunningCount":1}
[debug] [2020-09-13T10:43:57.850Z] Accepted request POST /c-fb934/us-central1/api/payments/create?total=35000 --> api
[debug] [2020-09-13T10:43:57.853Z] [worker-pool] addWorker(api) {"metadata":{"emulator":{"name":"functions"},"message":"[worker-pool] addWorker(api)"}}
[debug] [2020-09-13T10:43:57.854Z] [worker-pool] Adding worker with key api, total=1 {"metadata":{"emulator":{"name":"functions"},"message":"[worker-pool] Adding worker with key api, total=1"}}
[debug] [2020-09-13T10:43:57.854Z] [worker-pool] submitWork(triggerId=api) {"metadata":{"emulator":{"name":"functions"},"message":"[worker-pool] submitWork(triggerId=api)"}}
[debug] [2020-09-13T10:43:57.854Z] [worker-api-b20590cb-15c7-4970-8815-22a62d12b36f]: Assigning socketPath: \\?\pipe\C:\Users\nikki\Dropbox\My PC (LAPTOP-ERGDEDV7)\Documents\amazon-clone\amazon-clone\functions\22100 {"metadata":{"emulator":{"name":"functions"},"message":"[worker-api-b20590cb-15c7-4970-8815-22a62d12b36f]: Assigning socketPath: \\\\?\\pipe\\C:\\Users\\nikki\\Dropbox\\My PC (LAPTOP-ERGDEDV7)\\Documents\\amazon-clone\\amazon-clone\\functions\\22100"}}
[debug] [2020-09-13T10:43:57.854Z] [worker-api-b20590cb-15c7-4970-8815-22a62d12b36f]: BUSY {"metadata":{"emulator":{"name":"functions"},"message":"[worker-api-b20590cb-15c7-4970-8815-22a62d12b36f]: BUSY"}}
[debug] [2020-09-13T10:43:58.232Z] [runtime-status] [22100] Functions runtime initialized. {"cwd":"C:\\Users\\nikki\\Dropbox\\My PC (LAPTOP-ERGDEDV7)\\Documents\\amazon-clone\\amazon-clone\\functions","node_version":"12.18.3"} {"metadata":{"emulator":{"name":"functions"},"function":{"name":"api"},"message":"[runtime-status] [22100] Functions runtime initialized. {\"cwd\":\"C:\\\\Users\\\\nikki\\\\Dropbox\\\\My PC (LAPTOP-ERGDEDV7)\\\\Documents\\\\amazon-clone\\\\amazon-clone\\\\functions\",\"node_version\":\"12.18.3\"}"}}
[debug] [2020-09-13T10:43:58.234Z] [runtime-status] [22100] Disabled runtime features: undefined {"metadata":{"emulator":{"name":"functions"},"function":{"name":"api"},"message":"[runtime-status] [22100] Disabled runtime features: undefined"}}
[debug] [2020-09-13T10:43:58.238Z] [runtime-status] [22100] Resolved module firebase-admin {"declared":true,"installed":true,"version":"8.13.0","resolution":"C:\\Users\\nikki\\Dropbox\\My PC (LAPTOP-ERGDEDV7)\\Documents\\amazon-clone\\amazon-clone\\functions\\node_modules\\firebase-admin\\lib\\index.js"} {"metadata":{"emulator":{"name":"functions"},"function":{"name":"api"},"message":"[runtime-status] [22100] Resolved module firebase-admin {\"declared\":true,\"installed\":true,\"version\":\"8.13.0\",\"resolution\":\"C:\\\\Users\\\\nikki\\\\Dropbox\\\\My PC (LAPTOP-ERGDEDV7)\\\\Documents\\\\amazon-clone\\\\amazon-clone\\\\functions\\\\node_modules\\\\firebase-admin\\\\lib\\\\index.js\"}"}}
[debug] [2020-09-13T10:43:58.244Z] [runtime-status] [22100] Resolved module firebase-functions {"declared":true,"installed":true,"version":"3.11.0","resolution":"C:\\Users\\nikki\\Dropbox\\My PC (LAPTOP-ERGDEDV7)\\Documents\\amazon-clone\\amazon-clone\\functions\\node_modules\\firebase-functions\\lib\\index.js"} {"metadata":{"emulator":{"name":"functions"},"function":{"name":"api"},"message":"[runtime-status] [22100] Resolved module firebase-functions {\"declared\":true,\"installed\":true,\"version\":\"3.11.0\",\"resolution\":\"C:\\\\Users\\\\nikki\\\\Dropbox\\\\My PC (LAPTOP-ERGDEDV7)\\\\Documents\\\\amazon-clone\\\\amazon-clone\\\\functions\\\\node_modules\\\\firebase-functions\\\\lib\\\\index.js\"}"}}
[debug] [2020-09-13T10:43:58.245Z] [runtime-status] [22100] Resolved module firebase-functions {"declared":true,"installed":true,"version":"3.11.0","resolution":"C:\\Users\\nikki\\Dropbox\\My PC (LAPTOP-ERGDEDV7)\\Documents\\amazon-clone\\amazon-clone\\functions\\node_modules\\firebase-functions\\lib\\index.js"} {"metadata":{"emulator":{"name":"functions"},"function":{"name":"api"},"message":"[runtime-status] [22100] Resolved module firebase-functions {\"declared\":true,\"installed\":true,\"version\":\"3.11.0\",\"resolution\":\"C:\\\\Users\\\\nikki\\\\Dropbox\\\\My PC (LAPTOP-ERGDEDV7)\\\\Documents\\\\amazon-clone\\\\amazon-clone\\\\functions\\\\node_modules\\\\firebase-functions\\\\lib\\\\index.js\"}"}}
[debug] [2020-09-13T10:43:58.246Z] [runtime-status] [22100] Outgoing network have been stubbed. [{"name":"http","status":"mocked"},{"name":"http","status":"mocked"},{"name":"https","status":"mocked"},{"name":"https","status":"mocked"},{"name":"net","status":"mocked"}] {"metadata":{"emulator":{"name":"functions"},"function":{"name":"api"},"message":"[runtime-status] [22100] Outgoing network have been stubbed. [{\"name\":\"http\",\"status\":\"mocked\"},{\"name\":\"http\",\"status\":\"mocked\"},{\"name\":\"https\",\"status\":\"mocked\"},{\"name\":\"https\",\"status\":\"mocked\"},{\"name\":\"net\",\"status\":\"mocked\"}]"}}
[debug] [2020-09-13T10:43:58.247Z] [runtime-status] [22100] Resolved module firebase-functions {"declared":true,"installed":true,"version":"3.11.0","resolution":"C:\\Users\\nikki\\Dropbox\\My PC (LAPTOP-ERGDEDV7)\\Documents\\amazon-clone\\amazon-clone\\functions\\node_modules\\firebase-functions\\lib\\index.js"} {"metadata":{"emulator":{"name":"functions"},"function":{"name":"api"},"message":"[runtime-status] [22100] Resolved module firebase-functions {\"declared\":true,\"installed\":true,\"version\":\"3.11.0\",\"resolution\":\"C:\\\\Users\\\\nikki\\\\Dropbox\\\\My PC (LAPTOP-ERGDEDV7)\\\\Documents\\\\amazon-clone\\\\amazon-clone\\\\functions\\\\node_modules\\\\firebase-functions\\\\lib\\\\index.js\"}"}}
[debug] [2020-09-13T10:43:58.294Z] [runtime-status] [22100] Checked functions.config() {"config":{}} {"metadata":{"emulator":{"name":"functions"},"function":{"name":"api"},"message":"[runtime-status] [22100] Checked functions.config() {\"config\":{}}"}}
[debug] [2020-09-13T10:43:58.294Z] [runtime-status] [22100] firebase-functions has been stubbed. {"functionsResolution":{"declared":true,"installed":true,"version":"3.11.0","resolution":"C:\\Users\\nikki\\Dropbox\\My PC (LAPTOP-ERGDEDV7)\\Documents\\amazon-clone\\amazon-clone\\functions\\node_modules\\firebase-functions\\lib\\index.js"}} {"metadata":{"emulator":{"name":"functions"},"function":{"name":"api"},"message":"[runtime-status] [22100] firebase-functions has been stubbed. {\"functionsResolution\":{\"declared\":true,\"installed\":true,\"version\":\"3.11.0\",\"resolution\":\"C:\\\\Users\\\\nikki\\\\Dropbox\\\\My PC (LAPTOP-ERGDEDV7)\\\\Documents\\\\amazon-clone\\\\amazon-clone\\\\functions\\\\node_modules\\\\firebase-functions\\\\lib\\\\index.js\"}}"}}
[debug] [2020-09-13T10:43:58.295Z] [runtime-status] [22100] Resolved module firebase-functions {"declared":true,"installed":true,"version":"3.11.0","resolution":"C:\\Users\\nikki\\Dropbox\\My PC (LAPTOP-ERGDEDV7)\\Documents\\amazon-clone\\amazon-clone\\functions\\node_modules\\firebase-functions\\lib\\index.js"} {"metadata":{"emulator":{"name":"functions"},"function":{"name":"api"},"message":"[runtime-status] [22100] Resolved module firebase-functions {\"declared\":true,\"installed\":true,\"version\":\"3.11.0\",\"resolution\":\"C:\\\\Users\\\\nikki\\\\Dropbox\\\\My PC (LAPTOP-ERGDEDV7)\\\\Documents\\\\amazon-clone\\\\amazon-clone\\\\functions\\\\node_modules\\\\firebase-functions\\\\lib\\\\index.js\"}"}}
[debug] [2020-09-13T10:43:58.296Z] [runtime-status] [22100] Resolved module firebase-admin {"declared":true,"installed":true,"version":"8.13.0","resolution":"C:\\Users\\nikki\\Dropbox\\My PC (LAPTOP-ERGDEDV7)\\Documents\\amazon-clone\\amazon-clone\\functions\\node_modules\\firebase-admin\\lib\\index.js"} {"metadata":{"emulator":{"name":"functions"},"function":{"name":"api"},"message":"[runtime-status] [22100] Resolved module firebase-admin {\"declared\":true,\"installed\":true,\"version\":\"8.13.0\",\"resolution\":\"C:\\\\Users\\\\nikki\\\\Dropbox\\\\My PC (LAPTOP-ERGDEDV7)\\\\Documents\\\\amazon-clone\\\\amazon-clone\\\\functions\\\\node_modules\\\\firebase-admin\\\\lib\\\\index.js\"}"}}
[debug] [2020-09-13T10:43:58.296Z] [runtime-status] [22100] Resolved module firebase-functions {"declared":true,"installed":true,"version":"3.11.0","resolution":"C:\\Users\\nikki\\Dropbox\\My PC (LAPTOP-ERGDEDV7)\\Documents\\amazon-clone\\amazon-clone\\functions\\node_modules\\firebase-functions\\lib\\index.js"} {"metadata":{"emulator":{"name":"functions"},"function":{"name":"api"},"message":"[runtime-status] [22100] Resolved module firebase-functions {\"declared\":true,\"installed\":true,\"version\":\"3.11.0\",\"resolution\":\"C:\\\\Users\\\\nikki\\\\Dropbox\\\\My PC (LAPTOP-ERGDEDV7)\\\\Documents\\\\amazon-clone\\\\amazon-clone\\\\functions\\\\node_modules\\\\firebase-functions\\\\lib\\\\index.js\"}"}}
[debug] [2020-09-13T10:43:58.296Z] [runtime-status] [22100] firebase-admin has been stubbed. {"adminResolution":{"declared":true,"installed":true,"version":"8.13.0","resolution":"C:\\Users\\nikki\\Dropbox\\My PC (LAPTOP-ERGDEDV7)\\Documents\\amazon-clone\\amazon-clone\\functions\\node_modules\\firebase-admin\\lib\\index.js"}} {"metadata":{"emulator":{"name":"functions"},"function":{"name":"api"},"message":"[runtime-status] [22100] firebase-admin has been stubbed. {\"adminResolution\":{\"declared\":true,\"installed\":true,\"version\":\"8.13.0\",\"resolution\":\"C:\\\\Users\\\\nikki\\\\Dropbox\\\\My PC (LAPTOP-ERGDEDV7)\\\\Documents\\\\amazon-clone\\\\amazon-clone\\\\functions\\\\node_modules\\\\firebase-admin\\\\lib\\\\index.js\"}}"}}
[debug] [2020-09-13T10:43:58.470Z] [runtime-status] [22100] Trigger "api" has been found, beginning invocation! {"metadata":{"emulator":{"name":"functions"},"function":{"name":"api"},"message":"[runtime-status] [22100] Trigger \"api\" has been found, beginning invocation!"}}
[info] i  functions: Beginning execution of "api" {"metadata":{"emulator":{"name":"functions"},"function":{"name":"api"},"message":"Beginning execution of \"api\""}}
[debug] [2020-09-13T10:43:58.471Z] [runtime-status] [22100] triggerDefinition {"httpsTrigger":{},"name":"api","entryPoint":"api"} {"metadata":{"emulator":{"name":"functions"},"function":{"name":"api"},"message":"[runtime-status] [22100] triggerDefinition {\"httpsTrigger\":{},\"name\":\"api\",\"entryPoint\":\"api\"}"}}
[debug] [2020-09-13T10:43:58.471Z] [runtime-status] [22100] Running api in mode HTTPS {"metadata":{"emulator":{"name":"functions"},"function":{"name":"api"},"message":"[runtime-status] [22100] Running api in mode HTTPS"}}
[debug] [2020-09-13T10:43:58.476Z] [runtime-status] [22100] Attempting to listen to socketPath: \\?\pipe\C:\Users\nikki\Dropbox\My PC (LAPTOP-ERGDEDV7)\Documents\amazon-clone\amazon-clone\functions\22100 {"metadata":{"emulator":{"name":"functions"},"function":{"name":"api"},"message":"[runtime-status] [22100] Attempting to listen to socketPath: \\\\?\\pipe\\C:\\Users\\nikki\\Dropbox\\My PC (LAPTOP-ERGDEDV7)\\Documents\\amazon-clone\\amazon-clone\\functions\\22100"}}
[debug] [2020-09-13T10:43:58.480Z] [functions] Runtime ready! Sending request! {"metadata":{"emulator":{"name":"functions"},"message":"[functions] Runtime ready! Sending request!"}}
[debug] [2020-09-13T10:43:58.487Z] [runtime-status] [22100] Ephemeral server handling POST request {"metadata":{"emulator":{"name":"functions"},"function":{"name":"api"},"message":"[runtime-status] [22100] Ephemeral server handling POST request"}}
[info] >  Payment request received with total +  35000 {"user":"Payment request received with total +  35000","metadata":{"emulator":{"name":"functions"},"function":{"name":"api"},"message":"\u001b[90m> \u001b[39m Payment request received with total +  35000"}}
[debug] [2020-09-13T10:43:58.501Z] [runtime-status] [22100] Ephemeral server survived. {"metadata":{"emulator":{"name":"functions"},"function":{"name":"api"},"message":"[runtime-status] [22100] Ephemeral server survived."}}
[info] i  functions: Finished "api" in ~1s {"metadata":{"emulator":{"name":"functions"},"function":{"name":"api"},"message":"Finished \"api\" in ~1s"}}
[debug] [2020-09-13T10:43:59.728Z] [worker-api-b20590cb-15c7-4970-8815-22a62d12b36f]: IDLE {"metadata":{"emulator":{"name":"functions"},"message":"[worker-api-b20590cb-15c7-4970-8815-22a62d12b36f]: IDLE"}}
[debug] [2020-09-13T10:43:59.729Z] [work-queue] {"queueLength":0,"workRunningCount":0}
[debug] [2020-09-13T12:16:24.662Z] Received signal SIGHUP 1
